C:\USERS\MATT SHIM\DESKTOP\BOOK_MANAGEMENT\BOOK_MANAGEMENT\DEBUG\BOOK_MANAGEMENT.EXE.EMBED.MANIFEST
C:\USERS\MATT SHIM\DESKTOP\BOOK_MANAGEMENT\BOOK_MANAGEMENT\DEBUG\BOOK_MANAGEMENT.EXE.EMBED.MANIFEST.RES
C:\USERS\MATT SHIM\DESKTOP\BOOK_MANAGEMENT\BOOK_MANAGEMENT\DEBUG\BOOK_MANAGEMENT.EXE.INTERMEDIATE.MANIFEST
C:\USERS\MATT SHIM\DESKTOP\BOOK_MANAGEMENT\BOOK_MANAGEMENT\DEBUG\BOOK_MANAGEMENT.OBJ
C:\Users\Matt Shim\Desktop\Book_Management\Book_Management\Debug\Book_Management.vcxprojResolveAssemblyReference.cache
C:\Users\Matt Shim\Desktop\Book_Management\Book_Management\Debug\Book_Management.write.1.tlog
C:\Users\Matt Shim\Desktop\Book_Management\Book_Management\Debug\Book_Management_manifest.rc
C:\Users\Matt Shim\Desktop\Book_Management\Book_Management\Debug\cl.command.1.tlog
C:\Users\Matt Shim\Desktop\Book_Management\Book_Management\Debug\CL.read.1.tlog
C:\Users\Matt Shim\Desktop\Book_Management\Book_Management\Debug\CL.write.1.tlog
C:\Users\Matt Shim\Desktop\Book_Management\Book_Management\Debug\link.10132.read.1.tlog
C:\Users\Matt Shim\Desktop\Book_Management\Book_Management\Debug\link.10132.write.1.tlog
C:\Users\Matt Shim\Desktop\Book_Management\Book_Management\Debug\link.14152.read.1.tlog
C:\Users\Matt Shim\Desktop\Book_Management\Book_Management\Debug\link.14152.write.1.tlog
C:\Users\Matt Shim\Desktop\Book_Management\Book_Management\Debug\link.3840.read.1.tlog
C:\Users\Matt Shim\Desktop\Book_Management\Book_Management\Debug\link.3840.write.1.tlog
C:\Users\Matt Shim\Desktop\Book_Management\Book_Management\Debug\link.command.1.tlog
C:\Users\Matt Shim\Desktop\Book_Management\Book_Management\Debug\link.read.1.tlog
C:\Users\Matt Shim\Desktop\Book_Management\Book_Management\Debug\link.write.1.tlog
C:\Users\Matt Shim\Desktop\Book_Management\Book_Management\Debug\link-cvtres.read.1.tlog
C:\Users\Matt Shim\Desktop\Book_Management\Book_Management\Debug\link-cvtres.write.1.tlog
C:\Users\Matt Shim\Desktop\Book_Management\Book_Management\Debug\mt.command.1.tlog
C:\Users\Matt Shim\Desktop\Book_Management\Book_Management\Debug\mt.read.1.tlog
C:\Users\Matt Shim\Desktop\Book_Management\Book_Management\Debug\mt.write.1.tlog
C:\Users\Matt Shim\Desktop\Book_Management\Book_Management\Debug\rc.command.1.tlog
C:\Users\Matt Shim\Desktop\Book_Management\Book_Management\Debug\rc.read.1.tlog
C:\Users\Matt Shim\Desktop\Book_Management\Book_Management\Debug\rc.write.1.tlog
C:\Users\Matt Shim\Desktop\Book_Management\Book_Management\Debug\vc100.idb
C:\USERS\MATT SHIM\DESKTOP\BOOK_MANAGEMENT\BOOK_MANAGEMENT\DEBUG\VC100.PDB
C:\USERS\MATT SHIM\DESKTOP\BOOK_MANAGEMENT\DEBUG\BOOK_MANAGEMENT.EXE
C:\USERS\MATT SHIM\DESKTOP\BOOK_MANAGEMENT\DEBUG\BOOK_MANAGEMENT.EXE.MANIFEST
C:\USERS\MATT SHIM\DESKTOP\BOOK_MANAGEMENT\DEBUG\BOOK_MANAGEMENT.ILK
C:\USERS\MATT SHIM\DESKTOP\BOOK_MANAGEMENT\DEBUG\BOOK_MANAGEMENT.PDB
